{"name": "test_login_[test20251012214432@gmail.com-12345678]", "status": "broken", "statusDetails": {"message": "selenium.common.exceptions.NoSuchElementException: Message: no such element: Unable to locate element: {\"method\":\"xpath\",\"selector\":\"//h2[text()='My Account']\"}\n  (Session info: chrome=141.0.7390.123); For documentation on this error, please visit: https://www.selenium.dev/documentation/webdriver/troubleshooting/errors#nosuchelementexception\nStacktrace:\n\tGetHandleVerifier [0x0x7ff7e830e8e5+80021]\n\tGetHandleVerifier [0x0x7ff7e830e940+80112]\n\t(No symbol) [0x0x7ff7e809060f]\n\t(No symbol) [0x0x7ff7e80e8854]\n\t(No symbol) [0x0x7ff7e80e8b1c]\n\t(No symbol) [0x0x7ff7e813c927]\n\t(No symbol) [0x0x7ff7e811126f]\n\t(No symbol) [0x0x7ff7e813968a]\n\t(No symbol) [0x0x7ff7e8111003]\n\t(No symbol) [0x0x7ff7e80d95d1]\n\t(No symbol) [0x0x7ff7e80da3f3]\n\tGetHandleVerifier [0x0x7ff7e85cdc7d+2960429]\n\tGetHandleVerifier [0x0x7ff7e85c7f3a+2936554]\n\tGetHandleVerifier [0x0x7ff7e85e8977+3070247]\n\tGetHandleVerifier [0x0x7ff7e83283ce+185214]\n\tGetHandleVerifier [0x0x7ff7e832fe1f+216527]\n\tGetHandleVerifier [0x0x7ff7e8317b24+117460]\n\tGetHandleVerifier [0x0x7ff7e8317cdf+117903]\n\tGetHandleVerifier [0x0x7ff7e82fdbb8+11112]\n\tBaseThreadInitThunk [0x0x7ff8d73fe8d7+23]\n\tRtlUserThreadStart [0x0x7ff8d7bec53c+44]", "trace": "self = <test_login.TestLogin object at 0x0000014F184A16D0>, username = 'test20251012214432@gmail.com', password = 12345678\n\n    @allure.severity(allure.severity_level.MINOR)\n    def test_login_(self,username, password):\n    \n        home_page = HomePage(self.driver)\n        home_page.click_on_login()\n    \n        login_page = LoginPage(self.driver)\n        login_page.login_with_valid_credintials(username, password)\n    \n        account_page = MyAccountPage(self.driver)\n>       actual_result = account_page.my_account_header_text_validation()\n                        ^^^^^^^^^^^^^^^^^^^^^^^^^^^^^^^^^^^^^^^^^^^^^^^^\n\ntests\\test_login.py:30: \n_ _ _ _ _ _ _ _ _ _ _ _ _ _ _ _ _ _ _ _ _ _ _ _ _ _ _ _ _ _ _ _ _ _ _ _ _ _ _ _ _ _ _ _ _ _ _ _ _ _ _ _ _ _ _ _ _ _ _ _ _ _ _ _ _ _ _ _ _ _ _ _ _ _ _ _ _ _ _ _ _ _ _ _ _ _ _ _ _ _\npages\\MyAccountPage.py:12: in my_account_header_text_validation\n    return self.driver.find_element(By.XPATH, self.my_account_header_text_xpath).text\n           ^^^^^^^^^^^^^^^^^^^^^^^^^^^^^^^^^^^^^^^^^^^^^^^^^^^^^^^^^^^^^^^^^^^^^\n..\\..\\AppData\\Local\\Programs\\Python\\Python313\\Lib\\site-packages\\selenium\\webdriver\\remote\\webdriver.py:926: in find_element\n    return self.execute(Command.FIND_ELEMENT, {\"using\": by, \"value\": value})[\"value\"]\n           ^^^^^^^^^^^^^^^^^^^^^^^^^^^^^^^^^^^^^^^^^^^^^^^^^^^^^^^^^^^^^^^^^\n..\\..\\AppData\\Local\\Programs\\Python\\Python313\\Lib\\site-packages\\selenium\\webdriver\\remote\\webdriver.py:458: in execute\n    self.error_handler.check_response(response)\n_ _ _ _ _ _ _ _ _ _ _ _ _ _ _ _ _ _ _ _ _ _ _ _ _ _ _ _ _ _ _ _ _ _ _ _ _ _ _ _ _ _ _ _ _ _ _ _ _ _ _ _ _ _ _ _ _ _ _ _ _ _ _ _ _ _ _ _ _ _ _ _ _ _ _ _ _ _ _ _ _ _ _ _ _ _ _ _ _ _\n\nself = <selenium.webdriver.remote.errorhandler.ErrorHandler object at 0x0000014F18429FD0>\nresponse = {'status': 404, 'value': '{\"value\":{\"error\":\"no such element\",\"message\":\"no such element: Unable to locate element: {\\...ff7e82fdbb8+11112]\\\\n\\\\tBaseThreadInitThunk [0x0x7ff8d73fe8d7+23]\\\\n\\\\tRtlUserThreadStart [0x0x7ff8d7bec53c+44]\\\\n\"}}'}\n\n    def check_response(self, response: dict[str, Any]) -> None:\n        \"\"\"Checks that a JSON response from the WebDriver does not have an\n        error.\n    \n        :Args:\n         - response - The JSON response from the WebDriver server as a dictionary\n           object.\n    \n        :Raises: If the response contains an error message.\n        \"\"\"\n        status = response.get(\"status\", None)\n        if not status or status == ErrorCode.SUCCESS:\n            return\n        value = None\n        message = response.get(\"message\", \"\")\n        screen: str = response.get(\"screen\", \"\")\n        stacktrace = None\n        if isinstance(status, int):\n            value_json = response.get(\"value\", None)\n            if value_json and isinstance(value_json, str):\n                try:\n                    value = json.loads(value_json)\n                    if isinstance(value, dict):\n                        if len(value) == 1:\n                            value = value[\"value\"]\n                        status = value.get(\"error\", None)\n                        if not status:\n                            status = value.get(\"status\", ErrorCode.UNKNOWN_ERROR)\n                            message = value.get(\"value\") or value.get(\"message\")\n                            if not isinstance(message, str):\n                                value = message\n                                message = message.get(\"message\")\n                        else:\n                            message = value.get(\"message\", None)\n                except ValueError:\n                    pass\n    \n        exception_class: type[WebDriverException]\n        e = ErrorCode()\n        error_codes = [item for item in dir(e) if not item.startswith(\"__\")]\n        for error_code in error_codes:\n            error_info = getattr(ErrorCode, error_code)\n            if isinstance(error_info, list) and status in error_info:\n                exception_class = getattr(ExceptionMapping, error_code, WebDriverException)\n                break\n        else:\n            exception_class = WebDriverException\n    \n        if not value:\n            value = response[\"value\"]\n        if isinstance(value, str):\n            raise exception_class(value)\n        if message == \"\" and \"message\" in value:\n            message = value[\"message\"]\n    \n        screen = None  # type: ignore[assignment]\n        if \"screen\" in value:\n            screen = value[\"screen\"]\n    \n        stacktrace = None\n        st_value = value.get(\"stackTrace\") or value.get(\"stacktrace\")\n        if st_value:\n            if isinstance(st_value, str):\n                stacktrace = st_value.split(\"\\n\")\n            else:\n                stacktrace = []\n                try:\n                    for frame in st_value:\n                        line = frame.get(\"lineNumber\", \"\")\n                        file = frame.get(\"fileName\", \"<anonymous>\")\n                        if line:\n                            file = f\"{file}:{line}\"\n                        meth = frame.get(\"methodName\", \"<anonymous>\")\n                        if \"className\" in frame:\n                            meth = f\"{frame['className']}.{meth}\"\n                        msg = \"    at %s (%s)\"\n                        msg = msg % (meth, file)\n                        stacktrace.append(msg)\n                except TypeError:\n                    pass\n        if exception_class == UnexpectedAlertPresentException:\n            alert_text = None\n            if \"data\" in value:\n                alert_text = value[\"data\"].get(\"text\")\n            elif \"alert\" in value:\n                alert_text = value[\"alert\"].get(\"text\")\n            raise exception_class(message, screen, stacktrace, alert_text)  # type: ignore[call-arg]  # mypy is not smart enough here\n>       raise exception_class(message, screen, stacktrace)\nE       selenium.common.exceptions.NoSuchElementException: Message: no such element: Unable to locate element: {\"method\":\"xpath\",\"selector\":\"//h2[text()='My Account']\"}\nE         (Session info: chrome=141.0.7390.123); For documentation on this error, please visit: https://www.selenium.dev/documentation/webdriver/troubleshooting/errors#nosuchelementexception\nE       Stacktrace:\nE       \tGetHandleVerifier [0x0x7ff7e830e8e5+80021]\nE       \tGetHandleVerifier [0x0x7ff7e830e940+80112]\nE       \t(No symbol) [0x0x7ff7e809060f]\nE       \t(No symbol) [0x0x7ff7e80e8854]\nE       \t(No symbol) [0x0x7ff7e80e8b1c]\nE       \t(No symbol) [0x0x7ff7e813c927]\nE       \t(No symbol) [0x0x7ff7e811126f]\nE       \t(No symbol) [0x0x7ff7e813968a]\nE       \t(No symbol) [0x0x7ff7e8111003]\nE       \t(No symbol) [0x0x7ff7e80d95d1]\nE       \t(No symbol) [0x0x7ff7e80da3f3]\nE       \tGetHandleVerifier [0x0x7ff7e85cdc7d+2960429]\nE       \tGetHandleVerifier [0x0x7ff7e85c7f3a+2936554]\nE       \tGetHandleVerifier [0x0x7ff7e85e8977+3070247]\nE       \tGetHandleVerifier [0x0x7ff7e83283ce+185214]\nE       \tGetHandleVerifier [0x0x7ff7e832fe1f+216527]\nE       \tGetHandleVerifier [0x0x7ff7e8317b24+117460]\nE       \tGetHandleVerifier [0x0x7ff7e8317cdf+117903]\nE       \tGetHandleVerifier [0x0x7ff7e82fdbb8+11112]\nE       \tBaseThreadInitThunk [0x0x7ff8d73fe8d7+23]\nE       \tRtlUserThreadStart [0x0x7ff8d7bec53c+44]\n\n..\\..\\AppData\\Local\\Programs\\Python\\Python313\\Lib\\site-packages\\selenium\\webdriver\\remote\\errorhandler.py:232: NoSuchElementException"}, "attachments": [{"name": "log", "source": "f78a9f94-f2ed-43e3-965c-b09e15c4bc2c-attachment.txt", "type": "text/plain"}], "parameters": [{"name": "username", "value": "'test20251012214432@gmail.com'"}, {"name": "password", "value": "12345678"}], "start": 1761854817675, "stop": 1761854828366, "uuid": "8555f202-adff-417a-bd33-86593ad9fa42", "historyId": "26efd39f16fd9ffd450e4cd6d8507d6b", "testCaseId": "e5f857a36609cf4de5e582bc96327360", "fullName": "tests.test_login.TestLogin#test_login_", "labels": [{"name": "severity", "value": "minor"}, {"name": "parentSuite", "value": "tests"}, {"name": "suite", "value": "test_login"}, {"name": "subSuite", "value": "TestLogin"}, {"name": "host", "value": "Sasi"}, {"name": "thread", "value": "19324-MainThread"}, {"name": "framework", "value": "pytest"}, {"name": "language", "value": "cpython3"}, {"name": "package", "value": "tests.test_login"}], "titlePath": ["tests", "test_login.py", "TestLogin"]}