{"name": "test_add_item_into_cart_with_dynamic_price", "status": "broken", "statusDetails": {"message": "selenium.common.exceptions.ElementNotInteractableException: Message: element not interactable: https://tutorialsninja.com/demo/index.php?route=product/category&path=20 has no size and location\n  (Session info: chrome=141.0.7390.123); For documentation on this error, please visit: https://www.selenium.dev/documentation/webdriver/troubleshooting/errors#elementnotinteractableexception\nStacktrace:\n\tGetHandleVerifier [0x0x7ff7c37fe8e5+80021]\n\tGetHandleVerifier [0x0x7ff7c37fe940+80112]\n\t(No symbol) [0x0x7ff7c358060f]\n\t(No symbol) [0x0x7ff7c358816a]\n\t(No symbol) [0x0x7ff7c358b26f]\n\t(No symbol) [0x0x7ff7c358b32f]\n\t(No symbol) [0x0x7ff7c35dfdd4]\n\t(No symbol) [0x0x7ff7c35deffb]\n\t(No symbol) [0x0x7ff7c3634054]\n\t(No symbol) [0x0x7ff7c360122a]\n\t(No symbol) [0x0x7ff7c362968a]\n\t(No symbol) [0x0x7ff7c3601003]\n\t(No symbol) [0x0x7ff7c35c95d1]\n\t(No symbol) [0x0x7ff7c35ca3f3]\n\tGetHandleVerifier [0x0x7ff7c3abdc7d+2960429]\n\tGetHandleVerifier [0x0x7ff7c3ab7f3a+2936554]\n\tGetHandleVerifier [0x0x7ff7c3ad8977+3070247]\n\tGetHandleVerifier [0x0x7ff7c38183ce+185214]\n\tGetHandleVerifier [0x0x7ff7c381fe1f+216527]\n\tGetHandleVerifier [0x0x7ff7c3807b24+117460]\n\tGetHandleVerifier [0x0x7ff7c3807cdf+117903]\n\tGetHandleVerifier [0x0x7ff7c37edbb8+11112]\n\tBaseThreadInitThunk [0x0x7ff8d73fe8d7+23]\n\tRtlUserThreadStart [0x0x7ff8d7bec53c+44]", "trace": "self = <test_validation.TestValidation object at 0x000001D768CA3750>\n\n    @allure.severity(allure.severity_level.CRITICAL)\n    \n    def test_add_item_into_cart_with_dynamic_price(self):\n    \n        home_page = HomePage(self.driver)\n>       home_page.select_show_all_desktop_options()\n\ntests\\test_validation.py:21: \n_ _ _ _ _ _ _ _ _ _ _ _ _ _ _ _ _ _ _ _ _ _ _ _ _ _ _ _ _ _ _ _ _ _ _ _ _ _ _ _\npages\\HomePage.py:32: in select_show_all_desktop_options\n    self.mouse_hover_element(self.desktop_header_option(), self.show_all_desktop_options())\npages\\BasePage.py:22: in mouse_hover_element\n    return act.move_to_element(element1).move_to_element(element2).click().perform()\n           ^^^^^^^^^^^^^^^^^^^^^^^^^^^^^^^^^^^^^^^^^^^^^^^^^^^^^^^^^^^^^^^^^^^^^^^^^\n..\\..\\AppData\\Local\\Programs\\Python\\Python313\\Lib\\site-packages\\selenium\\webdriver\\common\\action_chains.py:93: in perform\n    self.w3c_actions.perform()\n..\\..\\AppData\\Local\\Programs\\Python\\Python313\\Lib\\site-packages\\selenium\\webdriver\\common\\actions\\action_builder.py:168: in perform\n    self.driver.execute(Command.W3C_ACTIONS, enc)\n..\\..\\AppData\\Local\\Programs\\Python\\Python313\\Lib\\site-packages\\selenium\\webdriver\\remote\\webdriver.py:458: in execute\n    self.error_handler.check_response(response)\n_ _ _ _ _ _ _ _ _ _ _ _ _ _ _ _ _ _ _ _ _ _ _ _ _ _ _ _ _ _ _ _ _ _ _ _ _ _ _ _\n\nself = <selenium.webdriver.remote.errorhandler.ErrorHandler object at 0x000001D768D9EAD0>\nresponse = {'status': 400, 'value': '{\"value\":{\"error\":\"element not interactable\",\"message\":\"element not interactable: https://tu...ff7c37edbb8+11112]\\\\n\\\\tBaseThreadInitThunk [0x0x7ff8d73fe8d7+23]\\\\n\\\\tRtlUserThreadStart [0x0x7ff8d7bec53c+44]\\\\n\"}}'}\n\n    def check_response(self, response: dict[str, Any]) -> None:\n        \"\"\"Checks that a JSON response from the WebDriver does not have an\n        error.\n    \n        :Args:\n         - response - The JSON response from the WebDriver server as a dictionary\n           object.\n    \n        :Raises: If the response contains an error message.\n        \"\"\"\n        status = response.get(\"status\", None)\n        if not status or status == ErrorCode.SUCCESS:\n            return\n        value = None\n        message = response.get(\"message\", \"\")\n        screen: str = response.get(\"screen\", \"\")\n        stacktrace = None\n        if isinstance(status, int):\n            value_json = response.get(\"value\", None)\n            if value_json and isinstance(value_json, str):\n                try:\n                    value = json.loads(value_json)\n                    if isinstance(value, dict):\n                        if len(value) == 1:\n                            value = value[\"value\"]\n                        status = value.get(\"error\", None)\n                        if not status:\n                            status = value.get(\"status\", ErrorCode.UNKNOWN_ERROR)\n                            message = value.get(\"value\") or value.get(\"message\")\n                            if not isinstance(message, str):\n                                value = message\n                                message = message.get(\"message\")\n                        else:\n                            message = value.get(\"message\", None)\n                except ValueError:\n                    pass\n    \n        exception_class: type[WebDriverException]\n        e = ErrorCode()\n        error_codes = [item for item in dir(e) if not item.startswith(\"__\")]\n        for error_code in error_codes:\n            error_info = getattr(ErrorCode, error_code)\n            if isinstance(error_info, list) and status in error_info:\n                exception_class = getattr(ExceptionMapping, error_code, WebDriverException)\n                break\n        else:\n            exception_class = WebDriverException\n    \n        if not value:\n            value = response[\"value\"]\n        if isinstance(value, str):\n            raise exception_class(value)\n        if message == \"\" and \"message\" in value:\n            message = value[\"message\"]\n    \n        screen = None  # type: ignore[assignment]\n        if \"screen\" in value:\n            screen = value[\"screen\"]\n    \n        stacktrace = None\n        st_value = value.get(\"stackTrace\") or value.get(\"stacktrace\")\n        if st_value:\n            if isinstance(st_value, str):\n                stacktrace = st_value.split(\"\\n\")\n            else:\n                stacktrace = []\n                try:\n                    for frame in st_value:\n                        line = frame.get(\"lineNumber\", \"\")\n                        file = frame.get(\"fileName\", \"<anonymous>\")\n                        if line:\n                            file = f\"{file}:{line}\"\n                        meth = frame.get(\"methodName\", \"<anonymous>\")\n                        if \"className\" in frame:\n                            meth = f\"{frame['className']}.{meth}\"\n                        msg = \"    at %s (%s)\"\n                        msg = msg % (meth, file)\n                        stacktrace.append(msg)\n                except TypeError:\n                    pass\n        if exception_class == UnexpectedAlertPresentException:\n            alert_text = None\n            if \"data\" in value:\n                alert_text = value[\"data\"].get(\"text\")\n            elif \"alert\" in value:\n                alert_text = value[\"alert\"].get(\"text\")\n            raise exception_class(message, screen, stacktrace, alert_text)  # type: ignore[call-arg]  # mypy is not smart enough here\n>       raise exception_class(message, screen, stacktrace)\nE       selenium.common.exceptions.ElementNotInteractableException: Message: element not interactable: https://tutorialsninja.com/demo/index.php?route=product/category&path=20 has no size and location\nE         (Session info: chrome=141.0.7390.123); For documentation on this error, please visit: https://www.selenium.dev/documentation/webdriver/troubleshooting/errors#elementnotinteractableexception\nE       Stacktrace:\nE       \tGetHandleVerifier [0x0x7ff7c37fe8e5+80021]\nE       \tGetHandleVerifier [0x0x7ff7c37fe940+80112]\nE       \t(No symbol) [0x0x7ff7c358060f]\nE       \t(No symbol) [0x0x7ff7c358816a]\nE       \t(No symbol) [0x0x7ff7c358b26f]\nE       \t(No symbol) [0x0x7ff7c358b32f]\nE       \t(No symbol) [0x0x7ff7c35dfdd4]\nE       \t(No symbol) [0x0x7ff7c35deffb]\nE       \t(No symbol) [0x0x7ff7c3634054]\nE       \t(No symbol) [0x0x7ff7c360122a]\nE       \t(No symbol) [0x0x7ff7c362968a]\nE       \t(No symbol) [0x0x7ff7c3601003]\nE       \t(No symbol) [0x0x7ff7c35c95d1]\nE       \t(No symbol) [0x0x7ff7c35ca3f3]\nE       \tGetHandleVerifier [0x0x7ff7c3abdc7d+2960429]\nE       \tGetHandleVerifier [0x0x7ff7c3ab7f3a+2936554]\nE       \tGetHandleVerifier [0x0x7ff7c3ad8977+3070247]\nE       \tGetHandleVerifier [0x0x7ff7c38183ce+185214]\nE       \tGetHandleVerifier [0x0x7ff7c381fe1f+216527]\nE       \tGetHandleVerifier [0x0x7ff7c3807b24+117460]\nE       \tGetHandleVerifier [0x0x7ff7c3807cdf+117903]\nE       \tGetHandleVerifier [0x0x7ff7c37edbb8+11112]\nE       \tBaseThreadInitThunk [0x0x7ff8d73fe8d7+23]\nE       \tRtlUserThreadStart [0x0x7ff8d7bec53c+44]\n\n..\\..\\AppData\\Local\\Programs\\Python\\Python313\\Lib\\site-packages\\selenium\\webdriver\\remote\\errorhandler.py:232: ElementNotInteractableException"}, "start": 1761929385376, "stop": 1761929385798, "uuid": "64a7a9a3-a6f7-4342-bdec-a41f20bccf46", "historyId": "a6867888d77f216074521f8db881207c", "testCaseId": "a6867888d77f216074521f8db881207c", "fullName": "tests.test_validation.TestValidation#test_add_item_into_cart_with_dynamic_price", "labels": [{"name": "severity", "value": "critical"}, {"name": "parentSuite", "value": "tests"}, {"name": "suite", "value": "test_validation"}, {"name": "subSuite", "value": "TestValidation"}, {"name": "host", "value": "Sasi"}, {"name": "thread", "value": "24172-MainThread"}, {"name": "framework", "value": "pytest"}, {"name": "language", "value": "cpython3"}, {"name": "package", "value": "tests.test_validation"}], "titlePath": ["tests", "test_validation.py", "TestValidation"]}